{"/Users/newflare/Workspace/tests/tdd-practice/src/contains.ts": {"path":"/Users/newflare/Workspace/tests/tdd-practice/src/contains.ts","statementMap":{"0":{"start":{"line":1,"column":24},"end":{"line":3,"column":1}},"1":{"start":{"line":2,"column":2},"end":{"line":2,"column":35}},"2":{"start":{"line":1,"column":13},"end":{"line":1,"column":24}}},"fnMap":{"0":{"name":"(anonymous_0)","decl":{"start":{"line":1,"column":24},"end":{"line":1,"column":26}},"loc":{"start":{"line":1,"column":66},"end":{"line":3,"column":1}}}},"branchMap":{},"s":{"0":12,"1":6,"2":12},"f":{"0":6},"b":{}}
,"/Users/newflare/Workspace/tests/tdd-practice/src/factorial.ts": {"path":"/Users/newflare/Workspace/tests/tdd-practice/src/factorial.ts","statementMap":{"0":{"start":{"line":1,"column":25},"end":{"line":5,"column":1}},"1":{"start":{"line":2,"column":2},"end":{"line":2,"column":31}},"2":{"start":{"line":2,"column":22},"end":{"line":2,"column":31}},"3":{"start":{"line":4,"column":2},"end":{"line":4,"column":42}},"4":{"start":{"line":1,"column":13},"end":{"line":1,"column":25}}},"fnMap":{"0":{"name":"(anonymous_0)","decl":{"start":{"line":1,"column":25},"end":{"line":1,"column":27}},"loc":{"start":{"line":1,"column":54},"end":{"line":5,"column":1}}}},"branchMap":{"0":{"loc":{"start":{"line":2,"column":2},"end":{"line":2,"column":31}},"type":"if","locations":[{"start":{"line":2,"column":2},"end":{"line":2,"column":31}}]}},"s":{"0":12,"1":7,"2":2,"3":5,"4":12},"f":{"0":7},"b":{"0":[2]}}
,"/Users/newflare/Workspace/tests/tdd-practice/src/fibonacci.ts": {"path":"/Users/newflare/Workspace/tests/tdd-practice/src/fibonacci.ts","statementMap":{"0":{"start":{"line":14,"column":25},"end":{"line":29,"column":1}},"1":{"start":{"line":18,"column":2},"end":{"line":20,"column":3}},"2":{"start":{"line":19,"column":4},"end":{"line":19,"column":62}},"3":{"start":{"line":22,"column":2},"end":{"line":22,"column":44}},"4":{"start":{"line":22,"column":24},"end":{"line":22,"column":44}},"5":{"start":{"line":23,"column":2},"end":{"line":23,"column":31}},"6":{"start":{"line":23,"column":22},"end":{"line":23,"column":31}},"7":{"start":{"line":24,"column":2},"end":{"line":24,"column":31}},"8":{"start":{"line":24,"column":22},"end":{"line":24,"column":31}},"9":{"start":{"line":26,"column":2},"end":{"line":26,"column":78}},"10":{"start":{"line":28,"column":2},"end":{"line":28,"column":22}},"11":{"start":{"line":14,"column":13},"end":{"line":14,"column":25}}},"fnMap":{"0":{"name":"(anonymous_0)","decl":{"start":{"line":14,"column":25},"end":{"line":14,"column":null}},"loc":{"start":{"line":17,"column":12},"end":{"line":29,"column":1}}}},"branchMap":{"0":{"loc":{"start":{"line":16,"column":2},"end":{"line":16,"column":36}},"type":"default-arg","locations":[{"start":{"line":16,"column":34},"end":{"line":16,"column":36}}]},"1":{"loc":{"start":{"line":18,"column":2},"end":{"line":20,"column":3}},"type":"if","locations":[{"start":{"line":18,"column":2},"end":{"line":20,"column":3}}]},"2":{"loc":{"start":{"line":22,"column":2},"end":{"line":22,"column":44}},"type":"if","locations":[{"start":{"line":22,"column":2},"end":{"line":22,"column":44}}]},"3":{"loc":{"start":{"line":23,"column":2},"end":{"line":23,"column":31}},"type":"if","locations":[{"start":{"line":23,"column":2},"end":{"line":23,"column":31}}]},"4":{"loc":{"start":{"line":24,"column":2},"end":{"line":24,"column":31}},"type":"if","locations":[{"start":{"line":24,"column":2},"end":{"line":24,"column":31}}]}},"s":{"0":12,"1":28,"2":1,"3":27,"4":6,"5":21,"6":4,"7":17,"8":6,"9":11,"10":11,"11":12},"f":{"0":28},"b":{"0":[6],"1":[1],"2":[6],"3":[4],"4":[6]}}
,"/Users/newflare/Workspace/tests/tdd-practice/src/findMax.ts": {"path":"/Users/newflare/Workspace/tests/tdd-practice/src/findMax.ts","statementMap":{"0":{"start":{"line":1,"column":23},"end":{"line":7,"column":1}},"1":{"start":{"line":2,"column":2},"end":{"line":4,"column":3}},"2":{"start":{"line":3,"column":4},"end":{"line":3,"column":47}},"3":{"start":{"line":6,"column":2},"end":{"line":6,"column":32}},"4":{"start":{"line":1,"column":13},"end":{"line":1,"column":23}}},"fnMap":{"0":{"name":"(anonymous_0)","decl":{"start":{"line":1,"column":23},"end":{"line":1,"column":25}},"loc":{"start":{"line":1,"column":55},"end":{"line":7,"column":1}}}},"branchMap":{"0":{"loc":{"start":{"line":2,"column":2},"end":{"line":4,"column":3}},"type":"if","locations":[{"start":{"line":2,"column":2},"end":{"line":4,"column":3}}]}},"s":{"0":12,"1":5,"2":1,"3":4,"4":12},"f":{"0":5},"b":{"0":[1]}}
,"/Users/newflare/Workspace/tests/tdd-practice/src/findPair.ts": {"path":"/Users/newflare/Workspace/tests/tdd-practice/src/findPair.ts","statementMap":{"0":{"start":{"line":1,"column":24},"end":{"line":15,"column":1}},"1":{"start":{"line":2,"column":15},"end":{"line":2,"column":40}},"2":{"start":{"line":4,"column":2},"end":{"line":12,"column":3}},"3":{"start":{"line":5,"column":23},"end":{"line":5,"column":35}},"4":{"start":{"line":7,"column":4},"end":{"line":10,"column":5}},"5":{"start":{"line":8,"column":6},"end":{"line":8,"column":31}},"6":{"start":{"line":11,"column":4},"end":{"line":11,"column":23}},"7":{"start":{"line":14,"column":2},"end":{"line":14,"column":14}},"8":{"start":{"line":1,"column":13},"end":{"line":1,"column":24}}},"fnMap":{"0":{"name":"(anonymous_0)","decl":{"start":{"line":1,"column":24},"end":{"line":1,"column":26}},"loc":{"start":{"line":1,"column":87},"end":{"line":15,"column":1}}}},"branchMap":{"0":{"loc":{"start":{"line":7,"column":4},"end":{"line":10,"column":5}},"type":"if","locations":[{"start":{"line":7,"column":4},"end":{"line":10,"column":5}}]}},"s":{"0":12,"1":4,"2":4,"3":14,"4":14,"5":3,"6":11,"7":1,"8":12},"f":{"0":4},"b":{"0":[3]}}
,"/Users/newflare/Workspace/tests/tdd-practice/src/index.ts": {"path":"/Users/newflare/Workspace/tests/tdd-practice/src/index.ts","statementMap":{"0":{"start":{"line":1,"column":0},"end":{"line":1,"column":27}},"1":{"start":{"line":2,"column":0},"end":{"line":2,"column":28}},"2":{"start":{"line":3,"column":0},"end":{"line":3,"column":28}},"3":{"start":{"line":4,"column":0},"end":{"line":4,"column":26}},"4":{"start":{"line":5,"column":0},"end":{"line":5,"column":27}},"5":{"start":{"line":6,"column":0},"end":{"line":6,"column":31}},"6":{"start":{"line":7,"column":0},"end":{"line":7,"column":28}},"7":{"start":{"line":8,"column":0},"end":{"line":8,"column":29}},"8":{"start":{"line":9,"column":0},"end":{"line":9,"column":31}},"9":{"start":{"line":10,"column":0},"end":{"line":10,"column":35}},"10":{"start":{"line":11,"column":0},"end":{"line":11,"column":28}},"11":{"start":{"line":12,"column":0},"end":{"line":12,"column":27}}},"fnMap":{},"branchMap":{},"s":{"0":12,"1":12,"2":12,"3":12,"4":12,"5":12,"6":12,"7":12,"8":12,"9":12,"10":12,"11":12},"f":{},"b":{}}
,"/Users/newflare/Workspace/tests/tdd-practice/src/invertString.ts": {"path":"/Users/newflare/Workspace/tests/tdd-practice/src/invertString.ts","statementMap":{"0":{"start":{"line":1,"column":28},"end":{"line":3,"column":1}},"1":{"start":{"line":2,"column":2},"end":{"line":2,"column":47}},"2":{"start":{"line":1,"column":13},"end":{"line":1,"column":28}}},"fnMap":{"0":{"name":"(anonymous_0)","decl":{"start":{"line":1,"column":28},"end":{"line":1,"column":30}},"loc":{"start":{"line":1,"column":57},"end":{"line":3,"column":1}}}},"branchMap":{},"s":{"0":12,"1":3,"2":12},"f":{"0":3},"b":{}}
,"/Users/newflare/Workspace/tests/tdd-practice/src/isAnagram.ts": {"path":"/Users/newflare/Workspace/tests/tdd-practice/src/isAnagram.ts","statementMap":{"0":{"start":{"line":1,"column":25},"end":{"line":10,"column":1}},"1":{"start":{"line":2,"column":23},"end":{"line":7,"column":15}},"2":{"start":{"line":2,"column":45},"end":{"line":7,"column":15}},"3":{"start":{"line":9,"column":4},"end":{"line":9,"column":72}},"4":{"start":{"line":1,"column":13},"end":{"line":1,"column":25}}},"fnMap":{"0":{"name":"(anonymous_0)","decl":{"start":{"line":1,"column":25},"end":{"line":1,"column":27}},"loc":{"start":{"line":1,"column":82},"end":{"line":10,"column":1}}},"1":{"name":"(anonymous_1)","decl":{"start":{"line":2,"column":23},"end":{"line":2,"column":25}},"loc":{"start":{"line":2,"column":45},"end":{"line":7,"column":15}}}},"branchMap":{},"s":{"0":12,"1":6,"2":12,"3":6,"4":12},"f":{"0":6,"1":12},"b":{}}
,"/Users/newflare/Workspace/tests/tdd-practice/src/isBalanced.ts": {"path":"/Users/newflare/Workspace/tests/tdd-practice/src/isBalanced.ts","statementMap":{"0":{"start":{"line":1,"column":26},"end":{"line":17,"column":1}},"1":{"start":{"line":2,"column":16},"end":{"line":2,"column":17}},"2":{"start":{"line":4,"column":2},"end":{"line":14,"column":3}},"3":{"start":{"line":5,"column":4},"end":{"line":9,"column":5}},"4":{"start":{"line":6,"column":6},"end":{"line":6,"column":16}},"5":{"start":{"line":7,"column":11},"end":{"line":9,"column":5}},"6":{"start":{"line":8,"column":6},"end":{"line":8,"column":16}},"7":{"start":{"line":11,"column":4},"end":{"line":13,"column":5}},"8":{"start":{"line":12,"column":6},"end":{"line":12,"column":19}},"9":{"start":{"line":16,"column":2},"end":{"line":16,"column":23}},"10":{"start":{"line":1,"column":13},"end":{"line":1,"column":26}}},"fnMap":{"0":{"name":"(anonymous_0)","decl":{"start":{"line":1,"column":26},"end":{"line":1,"column":28}},"loc":{"start":{"line":1,"column":56},"end":{"line":17,"column":1}}}},"branchMap":{"0":{"loc":{"start":{"line":5,"column":4},"end":{"line":9,"column":5}},"type":"if","locations":[{"start":{"line":5,"column":4},"end":{"line":9,"column":5}},{"start":{"line":7,"column":11},"end":{"line":9,"column":5}}]},"1":{"loc":{"start":{"line":7,"column":11},"end":{"line":9,"column":5}},"type":"if","locations":[{"start":{"line":7,"column":11},"end":{"line":9,"column":5}}]},"2":{"loc":{"start":{"line":11,"column":4},"end":{"line":13,"column":5}},"type":"if","locations":[{"start":{"line":11,"column":4},"end":{"line":13,"column":5}}]}},"s":{"0":12,"1":6,"2":6,"3":19,"4":9,"5":10,"6":10,"7":19,"8":2,"9":4,"10":12},"f":{"0":6},"b":{"0":[9,10],"1":[10],"2":[2]}}
,"/Users/newflare/Workspace/tests/tdd-practice/src/isPalindrome.ts": {"path":"/Users/newflare/Workspace/tests/tdd-practice/src/isPalindrome.ts","statementMap":{"0":{"start":{"line":1,"column":28},"end":{"line":6,"column":1}},"1":{"start":{"line":2,"column":24},"end":{"line":2,"column":73}},"2":{"start":{"line":3,"column":23},"end":{"line":3,"column":69}},"3":{"start":{"line":5,"column":2},"end":{"line":5,"column":40}},"4":{"start":{"line":1,"column":13},"end":{"line":1,"column":28}}},"fnMap":{"0":{"name":"(anonymous_0)","decl":{"start":{"line":1,"column":28},"end":{"line":1,"column":30}},"loc":{"start":{"line":1,"column":56},"end":{"line":6,"column":1}}}},"branchMap":{},"s":{"0":12,"1":5,"2":5,"3":5,"4":12},"f":{"0":5},"b":{}}
,"/Users/newflare/Workspace/tests/tdd-practice/src/removeDuplicates.ts": {"path":"/Users/newflare/Workspace/tests/tdd-practice/src/removeDuplicates.ts","statementMap":{"0":{"start":{"line":1,"column":32},"end":{"line":3,"column":1}},"1":{"start":{"line":2,"column":2},"end":{"line":2,"column":35}},"2":{"start":{"line":1,"column":13},"end":{"line":1,"column":32}}},"fnMap":{"0":{"name":"(anonymous_0)","decl":{"start":{"line":1,"column":32},"end":{"line":1,"column":34}},"loc":{"start":{"line":1,"column":66},"end":{"line":3,"column":1}}}},"branchMap":{},"s":{"0":12,"1":5,"2":12},"f":{"0":5},"b":{}}
,"/Users/newflare/Workspace/tests/tdd-practice/src/sortArray.ts": {"path":"/Users/newflare/Workspace/tests/tdd-practice/src/sortArray.ts","statementMap":{"0":{"start":{"line":1,"column":25},"end":{"line":3,"column":1}},"1":{"start":{"line":2,"column":2},"end":{"line":2,"column":41}},"2":{"start":{"line":2,"column":33},"end":{"line":2,"column":38}},"3":{"start":{"line":1,"column":13},"end":{"line":1,"column":25}}},"fnMap":{"0":{"name":"(anonymous_0)","decl":{"start":{"line":1,"column":25},"end":{"line":1,"column":27}},"loc":{"start":{"line":1,"column":59},"end":{"line":3,"column":1}}},"1":{"name":"(anonymous_1)","decl":{"start":{"line":2,"column":23},"end":{"line":2,"column":24}},"loc":{"start":{"line":2,"column":33},"end":{"line":2,"column":38}}}},"branchMap":{},"s":{"0":12,"1":5,"2":20,"3":12},"f":{"0":5,"1":20},"b":{}}
,"/Users/newflare/Workspace/tests/tdd-practice/src/sumArray.ts": {"path":"/Users/newflare/Workspace/tests/tdd-practice/src/sumArray.ts","statementMap":{"0":{"start":{"line":1,"column":24},"end":{"line":3,"column":1}},"1":{"start":{"line":2,"column":2},"end":{"line":2,"column":78}},"2":{"start":{"line":2,"column":52},"end":{"line":2,"column":72}},"3":{"start":{"line":1,"column":13},"end":{"line":1,"column":24}}},"fnMap":{"0":{"name":"(anonymous_0)","decl":{"start":{"line":1,"column":24},"end":{"line":1,"column":26}},"loc":{"start":{"line":1,"column":56},"end":{"line":3,"column":1}}},"1":{"name":"(anonymous_1)","decl":{"start":{"line":2,"column":25},"end":{"line":2,"column":27}},"loc":{"start":{"line":2,"column":52},"end":{"line":2,"column":72}}}},"branchMap":{},"s":{"0":12,"1":5,"2":12,"3":12},"f":{"0":5,"1":12},"b":{}}
}
