TN:
SF:src/contains.ts
FN:1,(anonymous_0)
FNF:1
FNH:1
FNDA:6,(anonymous_0)
DA:1,12
DA:2,6
LF:2
LH:2
BRF:0
BRH:0
end_of_record
TN:
SF:src/factorial.ts
FN:1,(anonymous_0)
FNF:1
FNH:1
FNDA:7,(anonymous_0)
DA:1,12
DA:2,7
DA:4,5
LF:3
LH:3
BRDA:2,0,0,2
BRF:1
BRH:1
end_of_record
TN:
SF:src/fibonacci.ts
FN:14,(anonymous_0)
FNF:1
FNH:1
FNDA:28,(anonymous_0)
DA:14,12
DA:18,28
DA:19,1
DA:22,27
DA:23,21
DA:24,17
DA:26,11
DA:28,11
LF:8
LH:8
BRDA:16,0,0,6
BRDA:18,1,0,1
BRDA:22,2,0,6
BRDA:23,3,0,4
BRDA:24,4,0,6
BRF:5
BRH:5
end_of_record
TN:
SF:src/findMax.ts
FN:1,(anonymous_0)
FNF:1
FNH:1
FNDA:5,(anonymous_0)
DA:1,12
DA:2,5
DA:3,1
DA:6,4
LF:4
LH:4
BRDA:2,0,0,1
BRF:1
BRH:1
end_of_record
TN:
SF:src/findPair.ts
FN:1,(anonymous_0)
FNF:1
FNH:1
FNDA:4,(anonymous_0)
DA:1,12
DA:2,4
DA:4,4
DA:5,14
DA:7,14
DA:8,3
DA:11,11
DA:14,1
LF:8
LH:8
BRDA:7,0,0,3
BRF:1
BRH:1
end_of_record
TN:
SF:src/index.ts
FNF:0
FNH:0
DA:1,12
DA:2,12
DA:3,12
DA:4,12
DA:5,12
DA:6,12
DA:7,12
DA:8,12
DA:9,12
DA:10,12
DA:11,12
DA:12,12
LF:12
LH:12
BRF:0
BRH:0
end_of_record
TN:
SF:src/invertString.ts
FN:1,(anonymous_0)
FNF:1
FNH:1
FNDA:3,(anonymous_0)
DA:1,12
DA:2,3
LF:2
LH:2
BRF:0
BRH:0
end_of_record
TN:
SF:src/isAnagram.ts
FN:1,(anonymous_0)
FN:2,(anonymous_1)
FNF:2
FNH:2
FNDA:6,(anonymous_0)
FNDA:12,(anonymous_1)
DA:1,12
DA:2,12
DA:9,6
LF:3
LH:3
BRF:0
BRH:0
end_of_record
TN:
SF:src/isBalanced.ts
FN:1,(anonymous_0)
FNF:1
FNH:1
FNDA:6,(anonymous_0)
DA:1,12
DA:2,6
DA:4,6
DA:5,19
DA:6,9
DA:7,10
DA:8,10
DA:11,19
DA:12,2
DA:16,4
LF:10
LH:10
BRDA:5,0,0,9
BRDA:5,0,1,10
BRDA:7,1,0,10
BRDA:11,2,0,2
BRF:4
BRH:4
end_of_record
TN:
SF:src/isPalindrome.ts
FN:1,(anonymous_0)
FNF:1
FNH:1
FNDA:5,(anonymous_0)
DA:1,12
DA:2,5
DA:3,5
DA:5,5
LF:4
LH:4
BRF:0
BRH:0
end_of_record
TN:
SF:src/removeDuplicates.ts
FN:1,(anonymous_0)
FNF:1
FNH:1
FNDA:5,(anonymous_0)
DA:1,12
DA:2,5
LF:2
LH:2
BRF:0
BRH:0
end_of_record
TN:
SF:src/sortArray.ts
FN:1,(anonymous_0)
FN:2,(anonymous_1)
FNF:2
FNH:2
FNDA:5,(anonymous_0)
FNDA:20,(anonymous_1)
DA:1,12
DA:2,20
LF:2
LH:2
BRF:0
BRH:0
end_of_record
TN:
SF:src/sumArray.ts
FN:1,(anonymous_0)
FN:2,(anonymous_1)
FNF:2
FNH:2
FNDA:5,(anonymous_0)
FNDA:12,(anonymous_1)
DA:1,12
DA:2,12
LF:2
LH:2
BRF:0
BRH:0
end_of_record
